[2026-01-11T04:00:33.379683] SELECT SUM(balance) FROM accounts WHERE currency = 'USD'
[2026-01-11T04:00:33.382631] SELECT COUNT(*), SUM(amount) FROM ledger
[2026-01-11T04:00:33.384626] SELECT COUNT(*) FROM accounts WHERE status = 'FROZEN'
[2026-01-11T04:00:33.385626] SELECT ledger.tx_id, accounts.currency, ledger.type, ledger.amount FROM ledger JOIN accounts ON ledger.acc_id = accounts.acc_id
[2026-01-11T04:00:35.913480] SELECT SUM(balance) FROM accounts WHERE currency = 'USD'
[2026-01-11T04:00:35.914477] SELECT COUNT(*), SUM(amount) FROM ledger
[2026-01-11T04:00:35.916479] SELECT COUNT(*) FROM accounts WHERE status = 'FROZEN'
[2026-01-11T04:00:35.917477] SELECT ledger.tx_id, accounts.currency, ledger.type, ledger.amount FROM ledger JOIN accounts ON ledger.acc_id = accounts.acc_id
[2026-01-11T04:00:48.942258] SELECT SUM(balance) FROM accounts WHERE currency = 'USD'
[2026-01-11T04:00:48.944258] SELECT COUNT(*), SUM(amount) FROM ledger
[2026-01-11T04:00:48.945261] SELECT COUNT(*) FROM accounts WHERE status = 'FROZEN'
[2026-01-11T04:00:48.946259] SELECT ledger.tx_id, accounts.currency, ledger.type, ledger.amount FROM ledger JOIN accounts ON ledger.acc_id = accounts.acc_id
[2026-01-11T04:00:51.489110] CREATE TABLE users (uid INTEGER PRIMARY KEY, name TEXT, kyc_level TEXT, country TEXT)
[2026-01-11T04:00:51.491109] CREATE TABLE users (uid INTEGER PRIMARY KEY, name TEXT, kyc_level TEXT, country TEXT)
[2026-01-11T04:00:51.492108] CREATE TABLE accounts (acc_id INTEGER PRIMARY KEY, uid INTEGER, currency TEXT, balance REAL, status TEXT)
[2026-01-11T04:00:51.494109] CREATE TABLE accounts (acc_id INTEGER PRIMARY KEY, uid INTEGER, currency TEXT, balance REAL, status TEXT)
[2026-01-11T04:00:51.496109] CREATE TABLE ledger (tx_id INTEGER PRIMARY KEY, acc_id INTEGER, amount REAL, type TEXT, date DATE)
[2026-01-11T04:00:51.496109] CREATE TABLE ledger (tx_id INTEGER PRIMARY KEY, acc_id INTEGER, amount REAL, type TEXT, date DATE)
[2026-01-11T04:00:51.497108] INSERT INTO users VALUES (101, 'Alpha Capital', 'TIER_1', 'USA')
[2026-01-11T04:00:51.498107] INSERT INTO users VALUES (101, 'Alpha Capital', 'TIER_1', 'USA')
[2026-01-11T04:00:51.500107] INSERT INTO users VALUES (102, 'Beta Trading', 'TIER_2', 'UK')
[2026-01-11T04:00:51.500107] INSERT INTO users VALUES (102, 'Beta Trading', 'TIER_2', 'UK')
[2026-01-11T04:00:51.501107] INSERT INTO users VALUES (103, 'Gamma Retail', 'TIER_3', 'SG')
[2026-01-11T04:00:51.502107] INSERT INTO users VALUES (103, 'Gamma Retail', 'TIER_3', 'SG')
[2026-01-11T04:00:51.502107] INSERT INTO users VALUES (104, 'Delta Hedge', 'TIER_1', 'USA')
[2026-01-11T04:00:51.503108] INSERT INTO users VALUES (104, 'Delta Hedge', 'TIER_1', 'USA')
[2026-01-11T04:00:51.503108] INSERT INTO accounts VALUES (1, 101, 'USD', 5000000.0, 'ACTIVE')
[2026-01-11T04:00:51.504107] INSERT INTO accounts VALUES (1, 101, 'USD', 5000000.0, 'ACTIVE')
[2026-01-11T04:00:51.505109] INSERT INTO accounts VALUES (2, 102, 'GBP', 250000.0, 'ACTIVE')
[2026-01-11T04:00:51.505109] INSERT INTO accounts VALUES (2, 102, 'GBP', 250000.0, 'ACTIVE')
[2026-01-11T04:00:51.506108] INSERT INTO accounts VALUES (3, 103, 'SGD', 12000.0, 'FROZEN')
[2026-01-11T04:00:51.507107] INSERT INTO accounts VALUES (3, 103, 'SGD', 12000.0, 'FROZEN')
[2026-01-11T04:00:51.507107] INSERT INTO accounts VALUES (4, 104, 'USD', 8900000.0, 'ACTIVE')
[2026-01-11T04:00:51.508106] INSERT INTO accounts VALUES (4, 104, 'USD', 8900000.0, 'ACTIVE')
[2026-01-11T04:00:51.509105] INSERT INTO ledger VALUES (1, 2, 47819.54, 'FEE', '2026-01-04')
[2026-01-11T04:00:51.510108] INSERT INTO ledger VALUES (1, 2, 47819.54, 'FEE', '2026-01-04')
[2026-01-11T04:00:51.513107] INSERT INTO ledger VALUES (2, 4, 44599.65, 'WIRE_OUT', '2026-01-07')
[2026-01-11T04:00:51.514107] INSERT INTO ledger VALUES (2, 4, 44599.65, 'WIRE_OUT', '2026-01-07')
[2026-01-11T04:00:51.515107] INSERT INTO ledger VALUES (3, 2, 33489.77, 'FEE', '2026-01-09')
[2026-01-11T04:00:51.516106] INSERT INTO ledger VALUES (3, 2, 33489.77, 'FEE', '2026-01-09')
[2026-01-11T04:00:51.517106] INSERT INTO ledger VALUES (4, 1, 15877.15, 'FX_SWAP', '2026-01-04')
[2026-01-11T04:00:51.517106] INSERT INTO ledger VALUES (4, 1, 15877.15, 'FX_SWAP', '2026-01-04')
[2026-01-11T04:00:51.518106] INSERT INTO ledger VALUES (5, 1, 31009.77, 'WIRE_OUT', '2026-01-07')
[2026-01-11T04:00:51.519106] INSERT INTO ledger VALUES (5, 1, 31009.77, 'WIRE_OUT', '2026-01-07')
[2026-01-11T04:00:51.520107] INSERT INTO ledger VALUES (6, 1, 40990.18, 'FEE', '2026-01-11')
[2026-01-11T04:00:51.520107] INSERT INTO ledger VALUES (6, 1, 40990.18, 'FEE', '2026-01-11')
[2026-01-11T04:00:51.521107] INSERT INTO ledger VALUES (7, 2, 26131.72, 'FEE', '2026-01-10')
[2026-01-11T04:00:51.522107] INSERT INTO ledger VALUES (7, 2, 26131.72, 'FEE', '2026-01-10')
[2026-01-11T04:00:51.523106] INSERT INTO ledger VALUES (8, 3, 27284.41, 'FX_SWAP', '2026-01-11')
[2026-01-11T04:00:51.523106] INSERT INTO ledger VALUES (8, 3, 27284.41, 'FX_SWAP', '2026-01-11')
[2026-01-11T04:00:51.524105] INSERT INTO ledger VALUES (9, 2, 39988.39, 'FX_SWAP', '2026-01-10')
[2026-01-11T04:00:51.525106] INSERT INTO ledger VALUES (9, 2, 39988.39, 'FX_SWAP', '2026-01-10')
[2026-01-11T04:00:51.527107] INSERT INTO ledger VALUES (10, 4, 21097.87, 'FEE', '2026-01-08')
[2026-01-11T04:00:51.528108] INSERT INTO ledger VALUES (10, 4, 21097.87, 'FEE', '2026-01-08')
[2026-01-11T04:00:51.529104] INSERT INTO ledger VALUES (11, 3, 15824.85, 'WIRE_IN', '2026-01-06')
[2026-01-11T04:00:51.529104] INSERT INTO ledger VALUES (11, 3, 15824.85, 'WIRE_IN', '2026-01-06')
[2026-01-11T04:00:51.531107] INSERT INTO ledger VALUES (12, 3, 44155.81, 'WIRE_IN', '2026-01-06')
[2026-01-11T04:00:51.531107] INSERT INTO ledger VALUES (12, 3, 44155.81, 'WIRE_IN', '2026-01-06')
[2026-01-11T04:00:51.533110] INSERT INTO ledger VALUES (13, 1, 19523.59, 'FEE', '2026-01-09')
[2026-01-11T04:00:51.534108] INSERT INTO ledger VALUES (13, 1, 19523.59, 'FEE', '2026-01-09')
[2026-01-11T04:00:51.535107] INSERT INTO ledger VALUES (14, 1, 20034.16, 'WIRE_IN', '2026-01-07')
[2026-01-11T04:00:51.536106] INSERT INTO ledger VALUES (14, 1, 20034.16, 'WIRE_IN', '2026-01-07')
[2026-01-11T04:00:51.537105] INSERT INTO ledger VALUES (15, 4, 21714.89, 'WIRE_OUT', '2026-01-10')
[2026-01-11T04:00:51.538104] INSERT INTO ledger VALUES (15, 4, 21714.89, 'WIRE_OUT', '2026-01-10')
[2026-01-11T04:00:51.538104] INSERT INTO ledger VALUES (16, 3, 48875.2, 'WIRE_OUT', '2026-01-06')
[2026-01-11T04:00:51.539104] INSERT INTO ledger VALUES (16, 3, 48875.2, 'WIRE_OUT', '2026-01-06')
[2026-01-11T04:00:51.539104] INSERT INTO ledger VALUES (17, 2, 32506.53, 'FEE', '2026-01-11')
[2026-01-11T04:00:51.540110] INSERT INTO ledger VALUES (17, 2, 32506.53, 'FEE', '2026-01-11')
[2026-01-11T04:00:51.540110] INSERT INTO ledger VALUES (18, 2, 39323.25, 'FEE', '2026-01-05')
[2026-01-11T04:00:51.541104] INSERT INTO ledger VALUES (18, 2, 39323.25, 'FEE', '2026-01-05')
[2026-01-11T04:00:51.541104] INSERT INTO ledger VALUES (19, 1, 17069.93, 'FX_SWAP', '2026-01-04')
[2026-01-11T04:00:51.542103] INSERT INTO ledger VALUES (19, 1, 17069.93, 'FX_SWAP', '2026-01-04')
[2026-01-11T04:00:51.542103] INSERT INTO ledger VALUES (20, 3, 45986.87, 'WIRE_OUT', '2026-01-10')
[2026-01-11T04:00:51.544105] INSERT INTO ledger VALUES (20, 3, 45986.87, 'WIRE_OUT', '2026-01-10')
[2026-01-11T04:00:51.547106] INSERT INTO ledger VALUES (21, 1, 32044.85, 'FX_SWAP', '2026-01-08')
[2026-01-11T04:00:51.548106] INSERT INTO ledger VALUES (21, 1, 32044.85, 'FX_SWAP', '2026-01-08')
[2026-01-11T04:00:51.549103] INSERT INTO ledger VALUES (22, 1, 13389.69, 'FEE', '2026-01-06')
[2026-01-11T04:00:51.549103] INSERT INTO ledger VALUES (22, 1, 13389.69, 'FEE', '2026-01-06')
[2026-01-11T04:00:51.550102] INSERT INTO ledger VALUES (23, 2, 20134.81, 'FEE', '2026-01-06')
[2026-01-11T04:00:51.550102] INSERT INTO ledger VALUES (23, 2, 20134.81, 'FEE', '2026-01-06')
[2026-01-11T04:00:51.551103] INSERT INTO ledger VALUES (24, 2, 34251.93, 'WIRE_OUT', '2026-01-08')
[2026-01-11T04:00:51.551103] INSERT INTO ledger VALUES (24, 2, 34251.93, 'WIRE_OUT', '2026-01-08')
[2026-01-11T04:00:51.552103] INSERT INTO ledger VALUES (25, 2, 13368.76, 'FX_SWAP', '2026-01-08')
[2026-01-11T04:00:51.552103] INSERT INTO ledger VALUES (25, 2, 13368.76, 'FX_SWAP', '2026-01-08')
[2026-01-11T04:00:51.553103] INSERT INTO ledger VALUES (26, 4, 26089.25, 'FX_SWAP', '2026-01-04')
[2026-01-11T04:00:51.553103] INSERT INTO ledger VALUES (26, 4, 26089.25, 'FX_SWAP', '2026-01-04')
[2026-01-11T04:00:51.554103] INSERT INTO ledger VALUES (27, 4, 47309.21, 'FX_SWAP', '2026-01-05')
[2026-01-11T04:00:51.554103] INSERT INTO ledger VALUES (27, 4, 47309.21, 'FX_SWAP', '2026-01-05')
[2026-01-11T04:00:51.555103] INSERT INTO ledger VALUES (28, 1, 33308.69, 'WIRE_OUT', '2026-01-06')
[2026-01-11T04:00:51.555103] INSERT INTO ledger VALUES (28, 1, 33308.69, 'WIRE_OUT', '2026-01-06')
[2026-01-11T04:00:51.556104] INSERT INTO ledger VALUES (29, 4, 7800.66, 'FEE', '2026-01-11')
[2026-01-11T04:00:51.556104] INSERT INTO ledger VALUES (29, 4, 7800.66, 'FEE', '2026-01-11')
[2026-01-11T04:00:51.557102] INSERT INTO ledger VALUES (30, 1, 12750.6, 'WIRE_IN', '2026-01-05')
[2026-01-11T04:00:51.557102] INSERT INTO ledger VALUES (30, 1, 12750.6, 'WIRE_IN', '2026-01-05')
[2026-01-11T04:00:51.558102] INSERT INTO ledger VALUES (31, 3, 30712.91, 'FX_SWAP', '2026-01-05')
[2026-01-11T04:00:51.558102] INSERT INTO ledger VALUES (31, 3, 30712.91, 'FX_SWAP', '2026-01-05')
[2026-01-11T04:00:51.559102] INSERT INTO ledger VALUES (32, 1, 29412.0, 'FEE', '2026-01-06')
[2026-01-11T04:00:51.559102] INSERT INTO ledger VALUES (32, 1, 29412.0, 'FEE', '2026-01-06')
[2026-01-11T04:00:51.560103] INSERT INTO ledger VALUES (33, 1, 36289.17, 'FX_SWAP', '2026-01-10')
[2026-01-11T04:00:51.561104] INSERT INTO ledger VALUES (33, 1, 36289.17, 'FX_SWAP', '2026-01-10')
[2026-01-11T04:00:51.562106] INSERT INTO ledger VALUES (34, 4, 45526.66, 'WIRE_OUT', '2026-01-10')
[2026-01-11T04:00:51.563105] INSERT INTO ledger VALUES (34, 4, 45526.66, 'WIRE_OUT', '2026-01-10')
[2026-01-11T04:00:51.563105] INSERT INTO ledger VALUES (35, 4, 41797.25, 'FX_SWAP', '2026-01-08')
[2026-01-11T04:00:51.564124] INSERT INTO ledger VALUES (35, 4, 41797.25, 'FX_SWAP', '2026-01-08')
[2026-01-11T04:00:51.565103] INSERT INTO ledger VALUES (36, 2, 30385.46, 'WIRE_IN', '2026-01-05')
[2026-01-11T04:00:51.565103] INSERT INTO ledger VALUES (36, 2, 30385.46, 'WIRE_IN', '2026-01-05')
[2026-01-11T04:00:51.566102] INSERT INTO ledger VALUES (37, 2, 1781.15, 'WIRE_IN', '2026-01-06')
[2026-01-11T04:00:51.566102] INSERT INTO ledger VALUES (37, 2, 1781.15, 'WIRE_IN', '2026-01-06')
[2026-01-11T04:00:51.567102] INSERT INTO ledger VALUES (38, 4, 6520.04, 'FEE', '2026-01-08')
[2026-01-11T04:00:51.567102] INSERT INTO ledger VALUES (38, 4, 6520.04, 'FEE', '2026-01-08')
[2026-01-11T04:00:51.568102] INSERT INTO ledger VALUES (39, 3, 17561.18, 'FX_SWAP', '2026-01-06')
[2026-01-11T04:00:51.568102] INSERT INTO ledger VALUES (39, 3, 17561.18, 'FX_SWAP', '2026-01-06')
[2026-01-11T04:00:51.569108] INSERT INTO ledger VALUES (40, 4, 45568.58, 'FEE', '2026-01-04')
[2026-01-11T04:00:51.569108] INSERT INTO ledger VALUES (40, 4, 45568.58, 'FEE', '2026-01-04')
[2026-01-11T04:00:51.570116] INSERT INTO ledger VALUES (41, 1, 30454.05, 'WIRE_IN', '2026-01-05')
[2026-01-11T04:00:51.570116] INSERT INTO ledger VALUES (41, 1, 30454.05, 'WIRE_IN', '2026-01-05')
[2026-01-11T04:00:51.571119] INSERT INTO ledger VALUES (42, 3, 14420.66, 'WIRE_IN', '2026-01-08')
[2026-01-11T04:00:51.571119] INSERT INTO ledger VALUES (42, 3, 14420.66, 'WIRE_IN', '2026-01-08')
[2026-01-11T04:00:51.571119] INSERT INTO ledger VALUES (43, 2, 3941.11, 'FX_SWAP', '2026-01-08')
[2026-01-11T04:00:51.572118] INSERT INTO ledger VALUES (43, 2, 3941.11, 'FX_SWAP', '2026-01-08')
[2026-01-11T04:00:51.572118] INSERT INTO ledger VALUES (44, 2, 10302.26, 'FX_SWAP', '2026-01-07')
[2026-01-11T04:00:51.573116] INSERT INTO ledger VALUES (44, 2, 10302.26, 'FX_SWAP', '2026-01-07')
[2026-01-11T04:00:51.573116] INSERT INTO ledger VALUES (45, 3, 36562.15, 'FX_SWAP', '2026-01-04')
[2026-01-11T04:00:51.574117] INSERT INTO ledger VALUES (45, 3, 36562.15, 'FX_SWAP', '2026-01-04')
[2026-01-11T04:00:51.574117] INSERT INTO ledger VALUES (46, 1, 8027.84, 'WIRE_OUT', '2026-01-05')
[2026-01-11T04:00:51.575117] INSERT INTO ledger VALUES (46, 1, 8027.84, 'WIRE_OUT', '2026-01-05')
[2026-01-11T04:00:51.575117] INSERT INTO ledger VALUES (47, 3, 31269.2, 'WIRE_IN', '2026-01-08')
[2026-01-11T04:00:51.576104] INSERT INTO ledger VALUES (47, 3, 31269.2, 'WIRE_IN', '2026-01-08')
[2026-01-11T04:00:51.577103] INSERT INTO ledger VALUES (48, 3, 2517.81, 'FX_SWAP', '2026-01-10')
[2026-01-11T04:00:51.578103] INSERT INTO ledger VALUES (48, 3, 2517.81, 'FX_SWAP', '2026-01-10')
[2026-01-11T04:00:51.579104] INSERT INTO ledger VALUES (49, 2, 9705.6, 'WIRE_IN', '2026-01-08')
[2026-01-11T04:00:51.579104] INSERT INTO ledger VALUES (49, 2, 9705.6, 'WIRE_IN', '2026-01-08')
[2026-01-11T04:00:51.580104] INSERT INTO ledger VALUES (50, 2, 2996.3, 'FEE', '2026-01-07')
[2026-01-11T04:00:51.581105] INSERT INTO ledger VALUES (50, 2, 2996.3, 'FEE', '2026-01-07')
[2026-01-11T04:00:51.582104] INSERT INTO ledger VALUES (51, 1, 43811.21, 'WIRE_OUT', '2026-01-08')
[2026-01-11T04:00:51.582104] INSERT INTO ledger VALUES (51, 1, 43811.21, 'WIRE_OUT', '2026-01-08')
[2026-01-11T04:00:51.583104] INSERT INTO ledger VALUES (52, 3, 37441.11, 'WIRE_OUT', '2026-01-10')
[2026-01-11T04:00:51.584104] INSERT INTO ledger VALUES (52, 3, 37441.11, 'WIRE_OUT', '2026-01-10')
[2026-01-11T04:00:51.585105] INSERT INTO ledger VALUES (53, 1, 10089.82, 'WIRE_IN', '2026-01-07')
[2026-01-11T04:00:51.586105] INSERT INTO ledger VALUES (53, 1, 10089.82, 'WIRE_IN', '2026-01-07')
[2026-01-11T04:00:51.588106] INSERT INTO ledger VALUES (54, 2, 809.45, 'WIRE_IN', '2026-01-11')
[2026-01-11T04:00:51.589104] INSERT INTO ledger VALUES (54, 2, 809.45, 'WIRE_IN', '2026-01-11')
[2026-01-11T04:00:51.590103] INSERT INTO ledger VALUES (55, 4, 6296.58, 'WIRE_OUT', '2026-01-08')
[2026-01-11T04:00:51.591105] INSERT INTO ledger VALUES (55, 4, 6296.58, 'WIRE_OUT', '2026-01-08')
[2026-01-11T04:00:51.592103] INSERT INTO ledger VALUES (56, 4, 37347.03, 'WIRE_IN', '2026-01-07')
[2026-01-11T04:00:51.593103] INSERT INTO ledger VALUES (56, 4, 37347.03, 'WIRE_IN', '2026-01-07')
[2026-01-11T04:00:51.595102] INSERT INTO ledger VALUES (57, 2, 43075.78, 'FX_SWAP', '2026-01-05')
[2026-01-11T04:00:51.596101] INSERT INTO ledger VALUES (57, 2, 43075.78, 'FX_SWAP', '2026-01-05')
[2026-01-11T04:00:51.597103] INSERT INTO ledger VALUES (58, 3, 19441.17, 'FEE', '2026-01-08')
[2026-01-11T04:00:51.598101] INSERT INTO ledger VALUES (58, 3, 19441.17, 'FEE', '2026-01-08')
[2026-01-11T04:00:51.599121] INSERT INTO ledger VALUES (59, 4, 28097.36, 'FX_SWAP', '2026-01-10')
[2026-01-11T04:00:51.599121] INSERT INTO ledger VALUES (59, 4, 28097.36, 'FX_SWAP', '2026-01-10')
[2026-01-11T04:00:51.600116] INSERT INTO ledger VALUES (60, 3, 23825.75, 'WIRE_OUT', '2026-01-04')
[2026-01-11T04:00:51.601103] INSERT INTO ledger VALUES (60, 3, 23825.75, 'WIRE_OUT', '2026-01-04')
[2026-01-11T04:00:51.601103] INSERT INTO ledger VALUES (61, 4, 6951.55, 'FEE', '2026-01-04')
[2026-01-11T04:00:51.602101] INSERT INTO ledger VALUES (61, 4, 6951.55, 'FEE', '2026-01-04')
[2026-01-11T04:00:51.603104] INSERT INTO ledger VALUES (62, 1, 49772.36, 'FX_SWAP', '2026-01-10')
[2026-01-11T04:00:51.603104] INSERT INTO ledger VALUES (62, 1, 49772.36, 'FX_SWAP', '2026-01-10')
[2026-01-11T04:00:51.604103] INSERT INTO ledger VALUES (63, 4, 19419.68, 'WIRE_IN', '2026-01-08')
[2026-01-11T04:00:51.604103] INSERT INTO ledger VALUES (63, 4, 19419.68, 'WIRE_IN', '2026-01-08')
[2026-01-11T04:00:51.605102] INSERT INTO ledger VALUES (64, 2, 36515.91, 'FEE', '2026-01-11')
[2026-01-11T04:00:51.605102] INSERT INTO ledger VALUES (64, 2, 36515.91, 'FEE', '2026-01-11')
[2026-01-11T04:00:51.606102] INSERT INTO ledger VALUES (65, 3, 29958.66, 'WIRE_IN', '2026-01-04')
[2026-01-11T04:00:51.606102] INSERT INTO ledger VALUES (65, 3, 29958.66, 'WIRE_IN', '2026-01-04')
[2026-01-11T04:00:51.607100] INSERT INTO ledger VALUES (66, 1, 20390.03, 'FX_SWAP', '2026-01-07')
[2026-01-11T04:00:51.607100] INSERT INTO ledger VALUES (66, 1, 20390.03, 'FX_SWAP', '2026-01-07')
[2026-01-11T04:00:51.608100] INSERT INTO ledger VALUES (67, 2, 35033.99, 'FX_SWAP', '2026-01-05')
[2026-01-11T04:00:51.608100] INSERT INTO ledger VALUES (67, 2, 35033.99, 'FX_SWAP', '2026-01-05')
[2026-01-11T04:00:51.610102] INSERT INTO ledger VALUES (68, 1, 5309.3, 'FEE', '2026-01-10')
[2026-01-11T04:00:51.611103] INSERT INTO ledger VALUES (68, 1, 5309.3, 'FEE', '2026-01-10')
[2026-01-11T04:00:51.612102] INSERT INTO ledger VALUES (69, 4, 17463.97, 'FEE', '2026-01-10')
[2026-01-11T04:00:51.613101] INSERT INTO ledger VALUES (69, 4, 17463.97, 'FEE', '2026-01-10')
[2026-01-11T04:00:51.613101] INSERT INTO ledger VALUES (70, 3, 36171.91, 'WIRE_OUT', '2026-01-11')
[2026-01-11T04:00:51.614099] INSERT INTO ledger VALUES (70, 3, 36171.91, 'WIRE_OUT', '2026-01-11')
[2026-01-11T04:00:51.614099] INSERT INTO ledger VALUES (71, 2, 23909.74, 'FX_SWAP', '2026-01-08')
[2026-01-11T04:00:51.615099] INSERT INTO ledger VALUES (71, 2, 23909.74, 'FX_SWAP', '2026-01-08')
[2026-01-11T04:00:51.615099] INSERT INTO ledger VALUES (72, 2, 48193.4, 'FEE', '2026-01-04')
[2026-01-11T04:00:51.616099] INSERT INTO ledger VALUES (72, 2, 48193.4, 'FEE', '2026-01-04')
[2026-01-11T04:00:51.616099] INSERT INTO ledger VALUES (73, 1, 43098.13, 'FEE', '2026-01-05')
[2026-01-11T04:00:51.617119] INSERT INTO ledger VALUES (73, 1, 43098.13, 'FEE', '2026-01-05')
[2026-01-11T04:00:51.617119] INSERT INTO ledger VALUES (74, 2, 44048.88, 'FEE', '2026-01-09')
[2026-01-11T04:00:51.617119] INSERT INTO ledger VALUES (74, 2, 44048.88, 'FEE', '2026-01-09')
[2026-01-11T04:00:51.618116] INSERT INTO ledger VALUES (75, 2, 35127.54, 'FX_SWAP', '2026-01-09')
[2026-01-11T04:00:51.618116] INSERT INTO ledger VALUES (75, 2, 35127.54, 'FX_SWAP', '2026-01-09')
[2026-01-11T04:00:51.619099] INSERT INTO ledger VALUES (76, 4, 10593.41, 'FEE', '2026-01-04')
[2026-01-11T04:00:51.619099] INSERT INTO ledger VALUES (76, 4, 10593.41, 'FEE', '2026-01-04')
[2026-01-11T04:00:51.620100] INSERT INTO ledger VALUES (77, 2, 15973.31, 'FX_SWAP', '2026-01-05')
[2026-01-11T04:00:51.620100] INSERT INTO ledger VALUES (77, 2, 15973.31, 'FX_SWAP', '2026-01-05')
[2026-01-11T04:00:51.621099] INSERT INTO ledger VALUES (78, 4, 34998.38, 'FX_SWAP', '2026-01-10')
[2026-01-11T04:00:51.621099] INSERT INTO ledger VALUES (78, 4, 34998.38, 'FX_SWAP', '2026-01-10')
[2026-01-11T04:00:51.622100] INSERT INTO ledger VALUES (79, 1, 25225.95, 'WIRE_OUT', '2026-01-09')
[2026-01-11T04:00:51.622100] INSERT INTO ledger VALUES (79, 1, 25225.95, 'WIRE_OUT', '2026-01-09')
[2026-01-11T04:00:51.623101] INSERT INTO ledger VALUES (80, 2, 3983.38, 'WIRE_IN', '2026-01-09')
[2026-01-11T04:00:51.623101] INSERT INTO ledger VALUES (80, 2, 3983.38, 'WIRE_IN', '2026-01-09')
[2026-01-11T04:00:51.624113] INSERT INTO ledger VALUES (81, 1, 6367.27, 'WIRE_OUT', '2026-01-04')
[2026-01-11T04:00:51.624113] INSERT INTO ledger VALUES (81, 1, 6367.27, 'WIRE_OUT', '2026-01-04')
[2026-01-11T04:00:51.625112] INSERT INTO ledger VALUES (82, 1, 27612.07, 'FX_SWAP', '2026-01-05')
[2026-01-11T04:00:51.625112] INSERT INTO ledger VALUES (82, 1, 27612.07, 'FX_SWAP', '2026-01-05')
[2026-01-11T04:00:51.626099] INSERT INTO ledger VALUES (83, 1, 49724.19, 'FEE', '2026-01-06')
[2026-01-11T04:00:51.626099] INSERT INTO ledger VALUES (83, 1, 49724.19, 'FEE', '2026-01-06')
[2026-01-11T04:00:51.628099] INSERT INTO ledger VALUES (84, 1, 20421.78, 'FX_SWAP', '2026-01-05')
[2026-01-11T04:00:51.629099] INSERT INTO ledger VALUES (84, 1, 20421.78, 'FX_SWAP', '2026-01-05')
[2026-01-11T04:00:51.630112] INSERT INTO ledger VALUES (85, 2, 19043.47, 'FEE', '2026-01-11')
[2026-01-11T04:00:51.630112] INSERT INTO ledger VALUES (85, 2, 19043.47, 'FEE', '2026-01-11')
[2026-01-11T04:00:51.631112] INSERT INTO ledger VALUES (86, 2, 16376.75, 'FX_SWAP', '2026-01-05')
[2026-01-11T04:00:51.631112] INSERT INTO ledger VALUES (86, 2, 16376.75, 'FX_SWAP', '2026-01-05')
[2026-01-11T04:00:51.632116] INSERT INTO ledger VALUES (87, 1, 25944.48, 'FX_SWAP', '2026-01-04')
[2026-01-11T04:00:51.632116] INSERT INTO ledger VALUES (87, 1, 25944.48, 'FX_SWAP', '2026-01-04')
[2026-01-11T04:00:51.632116] INSERT INTO ledger VALUES (88, 3, 46344.63, 'WIRE_OUT', '2026-01-04')
[2026-01-11T04:00:51.633115] INSERT INTO ledger VALUES (88, 3, 46344.63, 'WIRE_OUT', '2026-01-04')
[2026-01-11T04:00:51.634113] INSERT INTO ledger VALUES (89, 2, 25294.82, 'FEE', '2026-01-04')
[2026-01-11T04:00:51.634113] INSERT INTO ledger VALUES (89, 2, 25294.82, 'FEE', '2026-01-04')
[2026-01-11T04:00:51.634113] INSERT INTO ledger VALUES (90, 4, 38206.29, 'WIRE_OUT', '2026-01-06')
[2026-01-11T04:00:51.635115] INSERT INTO ledger VALUES (90, 4, 38206.29, 'WIRE_OUT', '2026-01-06')
[2026-01-11T04:00:51.635115] INSERT INTO ledger VALUES (91, 1, 8170.13, 'FEE', '2026-01-04')
[2026-01-11T04:00:51.636097] INSERT INTO ledger VALUES (91, 1, 8170.13, 'FEE', '2026-01-04')
[2026-01-11T04:00:51.636097] INSERT INTO ledger VALUES (92, 3, 19042.69, 'WIRE_OUT', '2026-01-06')
[2026-01-11T04:00:51.637098] INSERT INTO ledger VALUES (92, 3, 19042.69, 'WIRE_OUT', '2026-01-06')
[2026-01-11T04:00:51.637098] INSERT INTO ledger VALUES (93, 2, 48588.07, 'WIRE_IN', '2026-01-11')
[2026-01-11T04:00:51.638100] INSERT INTO ledger VALUES (93, 2, 48588.07, 'WIRE_IN', '2026-01-11')
[2026-01-11T04:00:51.638100] INSERT INTO ledger VALUES (94, 4, 34383.6, 'WIRE_IN', '2026-01-08')
[2026-01-11T04:00:51.639116] INSERT INTO ledger VALUES (94, 4, 34383.6, 'WIRE_IN', '2026-01-08')
[2026-01-11T04:00:51.639116] INSERT INTO ledger VALUES (95, 3, 46784.31, 'FEE', '2026-01-09')
[2026-01-11T04:00:51.639116] INSERT INTO ledger VALUES (95, 3, 46784.31, 'FEE', '2026-01-09')
[2026-01-11T04:00:51.640111] INSERT INTO ledger VALUES (96, 4, 19258.71, 'FEE', '2026-01-09')
[2026-01-11T04:00:51.640111] INSERT INTO ledger VALUES (96, 4, 19258.71, 'FEE', '2026-01-09')
[2026-01-11T04:00:51.641113] INSERT INTO ledger VALUES (97, 1, 38020.51, 'FEE', '2026-01-08')
[2026-01-11T04:00:51.641113] INSERT INTO ledger VALUES (97, 1, 38020.51, 'FEE', '2026-01-08')
[2026-01-11T04:00:51.642113] INSERT INTO ledger VALUES (98, 3, 27288.42, 'FX_SWAP', '2026-01-11')
[2026-01-11T04:00:51.642113] INSERT INTO ledger VALUES (98, 3, 27288.42, 'FX_SWAP', '2026-01-11')
[2026-01-11T04:00:51.643098] INSERT INTO ledger VALUES (99, 4, 32393.1, 'WIRE_OUT', '2026-01-10')
[2026-01-11T04:00:51.644098] INSERT INTO ledger VALUES (99, 4, 32393.1, 'WIRE_OUT', '2026-01-10')
[2026-01-11T04:00:51.644098] INSERT INTO ledger VALUES (100, 4, 23279.56, 'FEE', '2026-01-07')
[2026-01-11T04:00:51.645103] INSERT INTO ledger VALUES (100, 4, 23279.56, 'FEE', '2026-01-07')
[2026-01-11T04:00:51.646100] CREATE INDEX idx_ledger_type ON ledger (type)
[2026-01-11T04:00:51.647099] CREATE INDEX idx_ledger_type ON ledger (type)
[2026-01-11T04:00:51.661098] SELECT SUM(balance) FROM accounts WHERE currency = 'USD'
[2026-01-11T04:00:51.662097] SELECT COUNT(*), SUM(amount) FROM ledger
[2026-01-11T04:00:51.663097] SELECT COUNT(*) FROM accounts WHERE status = 'FROZEN'
[2026-01-11T04:00:51.664099] SELECT ledger.tx_id, accounts.currency, ledger.type, ledger.amount FROM ledger JOIN accounts ON ledger.acc_id = accounts.acc_id
[2026-01-11T04:01:00.725691] SELECT SUM(balance) FROM accounts WHERE currency = 'USD'
[2026-01-11T04:01:00.727691] SELECT COUNT(*), SUM(amount) FROM ledger
[2026-01-11T04:01:00.729691] SELECT COUNT(*) FROM accounts WHERE status = 'FROZEN'
[2026-01-11T04:01:00.730692] SELECT ledger.tx_id, accounts.currency, ledger.type, ledger.amount FROM ledger JOIN accounts ON ledger.acc_id = accounts.acc_id
